android/samples/SwitchUserSample/build/outputs/logs/manifest-merger-debug-report.txt
-- Merging decision tree log ---
manifest
ADDED from samples\SwitchUserSample\AndroidManifest.xml:21:1-64:12
	package
		ADDED from samples\SwitchUserSample\AndroidManifest.xml:22:5-37
	android:versionName
		ADDED from samples\SwitchUserSample\AndroidManifest.xml:24:5-30
		INJECTED from samples\SwitchUserSample\AndroidManifest.xml
		INJECTED from samples\SwitchUserSample\AndroidManifest.xml
	android:versionCode
		ADDED from samples\SwitchUserSample\AndroidManifest.xml:23:5-28
		INJECTED from samples\SwitchUserSample\AndroidManifest.xml
		INJECTED from samples\SwitchUserSample\AndroidManifest.xml
	xmlns:android
		ADDED from samples\SwitchUserSample\AndroidManifest.xml:21:11-69
uses-permission#android.permission.INTERNET
ADDED from samples\SwitchUserSample\AndroidManifest.xml:26:5-67
	android:name
		ADDED from samples\SwitchUserSample\AndroidManifest.xml:26:22-64
application
ADDED from samples\SwitchUserSample\AndroidManifest.xml:27:5-63:19
MERGED from [com.facebook.android:facebook:4.14.1] AndroidManifest.xml:28:5-37:19
MERGED from [com.android.support:support-v4:23.4.0] AndroidManifest.xml:22:5-20
MERGED from [com.android.support:cardview-v7:23.4.0] AndroidManifest.xml:22:5-20
MERGED from [com.android.support:customtabs:23.4.0] AndroidManifest.xml:22:5-20
MERGED from [com.android.support:support-v4:23.4.0] AndroidManifest.xml:22:5-20
MERGED from [com.android.support:appcompat-v7:21.0.3] AndroidManifest.xml:16:5-19
MERGED from [com.android.support:support-v4:23.4.0] AndroidManifest.xml:22:5-20
	android:label
		ADDED from samples\SwitchUserSample\AndroidManifest.xml:31:9-41
	android:allowBackup
		ADDED from samples\SwitchUserSample\AndroidManifest.xml:29:9-36
	android:icon
		ADDED from samples\SwitchUserSample\AndroidManifest.xml:30:9-38
	android:name
		ADDED from samples\SwitchUserSample\AndroidManifest.xml:28:9-46
activity#com.example.switchuser.MainActivity
ADDED from samples\SwitchUserSample\AndroidManifest.xml:32:9-41:20
	android:label
		ADDED from samples\SwitchUserSample\AndroidManifest.xml:34:13-45
	android:windowSoftInputMode
		ADDED from samples\SwitchUserSample\AndroidManifest.xml:36:13-55
	android:theme
		ADDED from samples\SwitchUserSample\AndroidManifest.xml:35:13-51
	android:name
		ADDED from samples\SwitchUserSample\AndroidManifest.xml:33:13-63
intent-filter#android.intent.action.MAIN+android.intent.category.LAUNCHER
ADDED from samples\SwitchUserSample\AndroidManifest.xml:37:13-40:29
action#android.intent.action.MAIN
ADDED from samples\SwitchUserSample\AndroidManifest.xml:38:17-69
	android:name
		ADDED from samples\SwitchUserSample\AndroidManifest.xml:38:25-66
category#android.intent.category.LAUNCHER
ADDED from samples\SwitchUserSample\AndroidManifest.xml:39:17-77
	android:name
		ADDED from samples\SwitchUserSample\AndroidManifest.xml:39:27-74
activity#com.facebook.FacebookActivity
ADDED from samples\SwitchUserSample\AndroidManifest.xml:42:9-44:47
MERGED from [com.facebook.android:facebook:4.14.1] AndroidManifest.xml:29:9-32:75
	android:label
		ADDED from samples\SwitchUserSample\AndroidManifest.xml:44:13-45
	android:configChanges
		ADDED from [com.facebook.android:facebook:4.14.1] AndroidManifest.xml:31:13-96
	android:theme
		ADDED from [com.facebook.android:facebook:4.14.1] AndroidManifest.xml:32:13-72
	android:name
		ADDED from samples\SwitchUserSample\AndroidManifest.xml:43:13-57
activity#com.facebook.CustomTabActivity
ADDED from samples\SwitchUserSample\AndroidManifest.xml:45:9-55:20
MERGED from [com.facebook.android:facebook:4.14.1] AndroidManifest.xml:33:9-36:20
	android:exported
		ADDED from [com.facebook.android:facebook:4.14.1] AndroidManifest.xml:35:13-36
	android:name
		ADDED from samples\SwitchUserSample\AndroidManifest.xml:46:13-58
intent-filter#android.intent.action.VIEW+android.intent.category.BROWSABLE+android.intent.category.DEFAULT
ADDED from samples\SwitchUserSample\AndroidManifest.xml:47:13-54:29
action#android.intent.action.VIEW
ADDED from samples\SwitchUserSample\AndroidManifest.xml:48:17-69
	android:name
		ADDED from samples\SwitchUserSample\AndroidManifest.xml:48:25-66
category#android.intent.category.DEFAULT
ADDED from samples\SwitchUserSample\AndroidManifest.xml:50:17-76
	android:name
		ADDED from samples\SwitchUserSample\AndroidManifest.xml:50:27-73
category#android.intent.category.BROWSABLE
ADDED from samples\SwitchUserSample\AndroidManifest.xml:51:17-78
	android:name
		ADDED from samples\SwitchUserSample\AndroidManifest.xml:51:27-75
data
ADDED from samples\SwitchUserSample\AndroidManifest.xml:53:17-75
	android:scheme
		ADDED from samples\SwitchUserSample\AndroidManifest.xml:53:23-72
meta-data#com.facebook.sdk.ApplicationId
ADDED from samples\SwitchUserSample\AndroidManifest.xml:57:9-59:46
	android:value
		ADDED from samples\SwitchUserSample\AndroidManifest.xml:59:13-43
	android:name
		ADDED from samples\SwitchUserSample\AndroidManifest.xml:58:13-58
meta-data#com.facebook.sdk.ApplicationName
ADDED from samples\SwitchUserSample\AndroidManifest.xml:60:9-62:48
	android:value
		ADDED from samples\SwitchUserSample\AndroidManifest.xml:62:13-45
	android:name
		ADDED from samples\SwitchUserSample\AndroidManifest.xml:61:13-60
uses-sdk
INJECTED from samples\SwitchUserSample\AndroidManifest.xml reason: use-sdk injection requested
MERGED from [com.facebook.android:facebook:4.14.1] AndroidManifest.xml:24:5-26:41
MERGED from [com.android.support:support-v4:23.4.0] AndroidManifest.xml:20:5-43
MERGED from [com.android.support:cardview-v7:23.4.0] AndroidManifest.xml:20:5-43
MERGED from [com.android.support:customtabs:23.4.0] AndroidManifest.xml:20:5-44
MERGED from [com.android.support:support-v4:23.4.0] AndroidManifest.xml:20:5-43
MERGED from [com.android.support:appcompat-v7:21.0.3] AndroidManifest.xml:15:5-42
MERGED from [com.android.support:support-v4:23.4.0] AndroidManifest.xml:20:5-43
	android:targetSdkVersion
		INJECTED from samples\SwitchUserSample\AndroidManifest.xml
		INJECTED from samples\SwitchUserSample\AndroidManifest.xml
	android:minSdkVersion
		INJECTED from samples\SwitchUserSample\AndroidManifest.xml
		INJECTED from samples\SwitchUserSample\AndroidManifest.xml